G:\BMPE\VOCALOIDEP\VOCALOID_EXTENDPROJECT\U2PA4\DEBUG\U2PA4.OBJ
G:\BMPE\VOCALOIDEP\VOCALOID_EXTENDPROJECT\U2PA4\DEBUG\VC110.PDB
G:\BMPE\VOCALOIDEP\VOCALOID_EXTENDPROJECT\DEBUG\U2PA4.ILK
G:\BMPE\VOCALOIDEP\VOCALOID_EXTENDPROJECT\DEBUG\U2PA4.DLL
G:\BMPE\VOCALOIDEP\VOCALOID_EXTENDPROJECT\DEBUG\U2PA4.PDB
G:\BMPE\VocaloidEP\VOCALOID_ExtendProject\Debug\u2pa4.lib
G:\BMPE\VocaloidEP\VOCALOID_ExtendProject\Debug\u2pa4.exp
G:\BMPE\VocaloidEP\VOCALOID_ExtendProject\u2pa4\Debug\u2pa4.obj
G:\BMPE\VocaloidEP\VOCALOID_ExtendProject\u2pa4\Debug\cl.command.1.tlog
G:\BMPE\VocaloidEP\VOCALOID_ExtendProject\u2pa4\Debug\CL.read.1.tlog
G:\BMPE\VocaloidEP\VOCALOID_ExtendProject\u2pa4\Debug\CL.write.1.tlog
G:\BMPE\VocaloidEP\VOCALOID_ExtendProject\u2pa4\Debug\link-cvtres.read.1.tlog
G:\BMPE\VocaloidEP\VOCALOID_ExtendProject\u2pa4\Debug\link-cvtres.write.1.tlog
G:\BMPE\VocaloidEP\VOCALOID_ExtendProject\u2pa4\Debug\link-rc.read.1.tlog
G:\BMPE\VocaloidEP\VOCALOID_ExtendProject\u2pa4\Debug\link-rc.write.1.tlog
G:\BMPE\VocaloidEP\VOCALOID_ExtendProject\u2pa4\Debug\link.101440-cvtres.read.1.tlog
G:\BMPE\VocaloidEP\VOCALOID_ExtendProject\u2pa4\Debug\link.101440-cvtres.write.1.tlog
G:\BMPE\VocaloidEP\VOCALOID_ExtendProject\u2pa4\Debug\link.101440-rc.read.1.tlog
G:\BMPE\VocaloidEP\VOCALOID_ExtendProject\u2pa4\Debug\link.101440-rc.write.1.tlog
G:\BMPE\VocaloidEP\VOCALOID_ExtendProject\u2pa4\Debug\link.101440.read.1.tlog
G:\BMPE\VocaloidEP\VOCALOID_ExtendProject\u2pa4\Debug\link.101440.write.1.tlog
G:\BMPE\VocaloidEP\VOCALOID_ExtendProject\u2pa4\Debug\link.101796-cvtres.read.1.tlog
G:\BMPE\VocaloidEP\VOCALOID_ExtendProject\u2pa4\Debug\link.101796-cvtres.write.1.tlog
G:\BMPE\VocaloidEP\VOCALOID_ExtendProject\u2pa4\Debug\link.101796-rc.read.1.tlog
G:\BMPE\VocaloidEP\VOCALOID_ExtendProject\u2pa4\Debug\link.101796-rc.write.1.tlog
G:\BMPE\VocaloidEP\VOCALOID_ExtendProject\u2pa4\Debug\link.101796.read.1.tlog
G:\BMPE\VocaloidEP\VOCALOID_ExtendProject\u2pa4\Debug\link.101796.write.1.tlog
G:\BMPE\VocaloidEP\VOCALOID_ExtendProject\u2pa4\Debug\link.102128-cvtres.read.1.tlog
G:\BMPE\VocaloidEP\VOCALOID_ExtendProject\u2pa4\Debug\link.102128-cvtres.write.1.tlog
G:\BMPE\VocaloidEP\VOCALOID_ExtendProject\u2pa4\Debug\link.102128-rc.read.1.tlog
G:\BMPE\VocaloidEP\VOCALOID_ExtendProject\u2pa4\Debug\link.102128-rc.write.1.tlog
G:\BMPE\VocaloidEP\VOCALOID_ExtendProject\u2pa4\Debug\link.102128.read.1.tlog
G:\BMPE\VocaloidEP\VOCALOID_ExtendProject\u2pa4\Debug\link.102128.write.1.tlog
G:\BMPE\VocaloidEP\VOCALOID_ExtendProject\u2pa4\Debug\link.110516-cvtres.read.1.tlog
G:\BMPE\VocaloidEP\VOCALOID_ExtendProject\u2pa4\Debug\link.110516-cvtres.write.1.tlog
G:\BMPE\VocaloidEP\VOCALOID_ExtendProject\u2pa4\Debug\link.110516-rc.read.1.tlog
G:\BMPE\VocaloidEP\VOCALOID_ExtendProject\u2pa4\Debug\link.110516-rc.write.1.tlog
G:\BMPE\VocaloidEP\VOCALOID_ExtendProject\u2pa4\Debug\link.110516.read.1.tlog
G:\BMPE\VocaloidEP\VOCALOID_ExtendProject\u2pa4\Debug\link.110516.write.1.tlog
G:\BMPE\VocaloidEP\VOCALOID_ExtendProject\u2pa4\Debug\link.113304-cvtres.read.1.tlog
G:\BMPE\VocaloidEP\VOCALOID_ExtendProject\u2pa4\Debug\link.113304-cvtres.write.1.tlog
G:\BMPE\VocaloidEP\VOCALOID_ExtendProject\u2pa4\Debug\link.113304-rc.read.1.tlog
G:\BMPE\VocaloidEP\VOCALOID_ExtendProject\u2pa4\Debug\link.113304-rc.write.1.tlog
G:\BMPE\VocaloidEP\VOCALOID_ExtendProject\u2pa4\Debug\link.113304.read.1.tlog
G:\BMPE\VocaloidEP\VOCALOID_ExtendProject\u2pa4\Debug\link.113304.write.1.tlog
G:\BMPE\VocaloidEP\VOCALOID_ExtendProject\u2pa4\Debug\link.113904-cvtres.read.1.tlog
G:\BMPE\VocaloidEP\VOCALOID_ExtendProject\u2pa4\Debug\link.113904-cvtres.write.1.tlog
G:\BMPE\VocaloidEP\VOCALOID_ExtendProject\u2pa4\Debug\link.113904-rc.read.1.tlog
G:\BMPE\VocaloidEP\VOCALOID_ExtendProject\u2pa4\Debug\link.113904-rc.write.1.tlog
G:\BMPE\VocaloidEP\VOCALOID_ExtendProject\u2pa4\Debug\link.113904.read.1.tlog
G:\BMPE\VocaloidEP\VOCALOID_ExtendProject\u2pa4\Debug\link.113904.write.1.tlog
G:\BMPE\VocaloidEP\VOCALOID_ExtendProject\u2pa4\Debug\link.115308-cvtres.read.1.tlog
G:\BMPE\VocaloidEP\VOCALOID_ExtendProject\u2pa4\Debug\link.115308-cvtres.write.1.tlog
G:\BMPE\VocaloidEP\VOCALOID_ExtendProject\u2pa4\Debug\link.115308-rc.read.1.tlog
G:\BMPE\VocaloidEP\VOCALOID_ExtendProject\u2pa4\Debug\link.115308-rc.write.1.tlog
G:\BMPE\VocaloidEP\VOCALOID_ExtendProject\u2pa4\Debug\link.115308.read.1.tlog
G:\BMPE\VocaloidEP\VOCALOID_ExtendProject\u2pa4\Debug\link.115308.write.1.tlog
G:\BMPE\VocaloidEP\VOCALOID_ExtendProject\u2pa4\Debug\link.11672-cvtres.read.1.tlog
G:\BMPE\VocaloidEP\VOCALOID_ExtendProject\u2pa4\Debug\link.11672-cvtres.write.1.tlog
G:\BMPE\VocaloidEP\VOCALOID_ExtendProject\u2pa4\Debug\link.11672-rc.read.1.tlog
G:\BMPE\VocaloidEP\VOCALOID_ExtendProject\u2pa4\Debug\link.11672-rc.write.1.tlog
G:\BMPE\VocaloidEP\VOCALOID_ExtendProject\u2pa4\Debug\link.11672.read.1.tlog
G:\BMPE\VocaloidEP\VOCALOID_ExtendProject\u2pa4\Debug\link.11672.write.1.tlog
G:\BMPE\VocaloidEP\VOCALOID_ExtendProject\u2pa4\Debug\link.117424-cvtres.read.1.tlog
G:\BMPE\VocaloidEP\VOCALOID_ExtendProject\u2pa4\Debug\link.117424-cvtres.write.1.tlog
G:\BMPE\VocaloidEP\VOCALOID_ExtendProject\u2pa4\Debug\link.117424-rc.read.1.tlog
G:\BMPE\VocaloidEP\VOCALOID_ExtendProject\u2pa4\Debug\link.117424-rc.write.1.tlog
G:\BMPE\VocaloidEP\VOCALOID_ExtendProject\u2pa4\Debug\link.117424.read.1.tlog
G:\BMPE\VocaloidEP\VOCALOID_ExtendProject\u2pa4\Debug\link.117424.write.1.tlog
G:\BMPE\VocaloidEP\VOCALOID_ExtendProject\u2pa4\Debug\link.117580-cvtres.read.1.tlog
G:\BMPE\VocaloidEP\VOCALOID_ExtendProject\u2pa4\Debug\link.117580-cvtres.write.1.tlog
G:\BMPE\VocaloidEP\VOCALOID_ExtendProject\u2pa4\Debug\link.117580-rc.read.1.tlog
G:\BMPE\VocaloidEP\VOCALOID_ExtendProject\u2pa4\Debug\link.117580-rc.write.1.tlog
G:\BMPE\VocaloidEP\VOCALOID_ExtendProject\u2pa4\Debug\link.117580.read.1.tlog
G:\BMPE\VocaloidEP\VOCALOID_ExtendProject\u2pa4\Debug\link.117580.write.1.tlog
G:\BMPE\VocaloidEP\VOCALOID_ExtendProject\u2pa4\Debug\link.12688-cvtres.read.1.tlog
G:\BMPE\VocaloidEP\VOCALOID_ExtendProject\u2pa4\Debug\link.12688-cvtres.write.1.tlog
G:\BMPE\VocaloidEP\VOCALOID_ExtendProject\u2pa4\Debug\link.12688-rc.read.1.tlog
G:\BMPE\VocaloidEP\VOCALOID_ExtendProject\u2pa4\Debug\link.12688-rc.write.1.tlog
G:\BMPE\VocaloidEP\VOCALOID_ExtendProject\u2pa4\Debug\link.12688.read.1.tlog
G:\BMPE\VocaloidEP\VOCALOID_ExtendProject\u2pa4\Debug\link.12688.write.1.tlog
G:\BMPE\VocaloidEP\VOCALOID_ExtendProject\u2pa4\Debug\link.16304-cvtres.read.1.tlog
G:\BMPE\VocaloidEP\VOCALOID_ExtendProject\u2pa4\Debug\link.16304-cvtres.write.1.tlog
G:\BMPE\VocaloidEP\VOCALOID_ExtendProject\u2pa4\Debug\link.16304-rc.read.1.tlog
G:\BMPE\VocaloidEP\VOCALOID_ExtendProject\u2pa4\Debug\link.16304-rc.write.1.tlog
G:\BMPE\VocaloidEP\VOCALOID_ExtendProject\u2pa4\Debug\link.16304.read.1.tlog
G:\BMPE\VocaloidEP\VOCALOID_ExtendProject\u2pa4\Debug\link.16304.write.1.tlog
G:\BMPE\VocaloidEP\VOCALOID_ExtendProject\u2pa4\Debug\link.1808-cvtres.read.1.tlog
G:\BMPE\VocaloidEP\VOCALOID_ExtendProject\u2pa4\Debug\link.1808-cvtres.write.1.tlog
G:\BMPE\VocaloidEP\VOCALOID_ExtendProject\u2pa4\Debug\link.1808-rc.read.1.tlog
G:\BMPE\VocaloidEP\VOCALOID_ExtendProject\u2pa4\Debug\link.1808-rc.write.1.tlog
G:\BMPE\VocaloidEP\VOCALOID_ExtendProject\u2pa4\Debug\link.1808.read.1.tlog
G:\BMPE\VocaloidEP\VOCALOID_ExtendProject\u2pa4\Debug\link.1808.write.1.tlog
G:\BMPE\VocaloidEP\VOCALOID_ExtendProject\u2pa4\Debug\link.18532-cvtres.read.1.tlog
G:\BMPE\VocaloidEP\VOCALOID_ExtendProject\u2pa4\Debug\link.18532-cvtres.write.1.tlog
G:\BMPE\VocaloidEP\VOCALOID_ExtendProject\u2pa4\Debug\link.18532-rc.read.1.tlog
G:\BMPE\VocaloidEP\VOCALOID_ExtendProject\u2pa4\Debug\link.18532-rc.write.1.tlog
G:\BMPE\VocaloidEP\VOCALOID_ExtendProject\u2pa4\Debug\link.18532.read.1.tlog
G:\BMPE\VocaloidEP\VOCALOID_ExtendProject\u2pa4\Debug\link.18532.write.1.tlog
G:\BMPE\VocaloidEP\VOCALOID_ExtendProject\u2pa4\Debug\link.23924-cvtres.read.1.tlog
G:\BMPE\VocaloidEP\VOCALOID_ExtendProject\u2pa4\Debug\link.23924-cvtres.write.1.tlog
G:\BMPE\VocaloidEP\VOCALOID_ExtendProject\u2pa4\Debug\link.23924-rc.read.1.tlog
G:\BMPE\VocaloidEP\VOCALOID_ExtendProject\u2pa4\Debug\link.23924-rc.write.1.tlog
G:\BMPE\VocaloidEP\VOCALOID_ExtendProject\u2pa4\Debug\link.23924.read.1.tlog
G:\BMPE\VocaloidEP\VOCALOID_ExtendProject\u2pa4\Debug\link.23924.write.1.tlog
G:\BMPE\VocaloidEP\VOCALOID_ExtendProject\u2pa4\Debug\link.49072-cvtres.read.1.tlog
G:\BMPE\VocaloidEP\VOCALOID_ExtendProject\u2pa4\Debug\link.49072-cvtres.write.1.tlog
G:\BMPE\VocaloidEP\VOCALOID_ExtendProject\u2pa4\Debug\link.49072-rc.read.1.tlog
G:\BMPE\VocaloidEP\VOCALOID_ExtendProject\u2pa4\Debug\link.49072-rc.write.1.tlog
G:\BMPE\VocaloidEP\VOCALOID_ExtendProject\u2pa4\Debug\link.49072.read.1.tlog
G:\BMPE\VocaloidEP\VOCALOID_ExtendProject\u2pa4\Debug\link.49072.write.1.tlog
G:\BMPE\VocaloidEP\VOCALOID_ExtendProject\u2pa4\Debug\link.5028-cvtres.read.1.tlog
G:\BMPE\VocaloidEP\VOCALOID_ExtendProject\u2pa4\Debug\link.5028-cvtres.write.1.tlog
G:\BMPE\VocaloidEP\VOCALOID_ExtendProject\u2pa4\Debug\link.5028-rc.read.1.tlog
G:\BMPE\VocaloidEP\VOCALOID_ExtendProject\u2pa4\Debug\link.5028-rc.write.1.tlog
G:\BMPE\VocaloidEP\VOCALOID_ExtendProject\u2pa4\Debug\link.5028.read.1.tlog
G:\BMPE\VocaloidEP\VOCALOID_ExtendProject\u2pa4\Debug\link.5028.write.1.tlog
G:\BMPE\VocaloidEP\VOCALOID_ExtendProject\u2pa4\Debug\link.52524-cvtres.read.1.tlog
G:\BMPE\VocaloidEP\VOCALOID_ExtendProject\u2pa4\Debug\link.52524-cvtres.write.1.tlog
G:\BMPE\VocaloidEP\VOCALOID_ExtendProject\u2pa4\Debug\link.52524-rc.read.1.tlog
G:\BMPE\VocaloidEP\VOCALOID_ExtendProject\u2pa4\Debug\link.52524-rc.write.1.tlog
G:\BMPE\VocaloidEP\VOCALOID_ExtendProject\u2pa4\Debug\link.52524.read.1.tlog
G:\BMPE\VocaloidEP\VOCALOID_ExtendProject\u2pa4\Debug\link.52524.write.1.tlog
G:\BMPE\VocaloidEP\VOCALOID_ExtendProject\u2pa4\Debug\link.53064-cvtres.read.1.tlog
G:\BMPE\VocaloidEP\VOCALOID_ExtendProject\u2pa4\Debug\link.53064-cvtres.write.1.tlog
G:\BMPE\VocaloidEP\VOCALOID_ExtendProject\u2pa4\Debug\link.53064-rc.read.1.tlog
G:\BMPE\VocaloidEP\VOCALOID_ExtendProject\u2pa4\Debug\link.53064-rc.write.1.tlog
G:\BMPE\VocaloidEP\VOCALOID_ExtendProject\u2pa4\Debug\link.53064.read.1.tlog
G:\BMPE\VocaloidEP\VOCALOID_ExtendProject\u2pa4\Debug\link.53064.write.1.tlog
G:\BMPE\VocaloidEP\VOCALOID_ExtendProject\u2pa4\Debug\link.53816-cvtres.read.1.tlog
G:\BMPE\VocaloidEP\VOCALOID_ExtendProject\u2pa4\Debug\link.53816-cvtres.write.1.tlog
G:\BMPE\VocaloidEP\VOCALOID_ExtendProject\u2pa4\Debug\link.53816-rc.read.1.tlog
G:\BMPE\VocaloidEP\VOCALOID_ExtendProject\u2pa4\Debug\link.53816-rc.write.1.tlog
G:\BMPE\VocaloidEP\VOCALOID_ExtendProject\u2pa4\Debug\link.53816.read.1.tlog
G:\BMPE\VocaloidEP\VOCALOID_ExtendProject\u2pa4\Debug\link.53816.write.1.tlog
G:\BMPE\VocaloidEP\VOCALOID_ExtendProject\u2pa4\Debug\link.61728-cvtres.read.1.tlog
G:\BMPE\VocaloidEP\VOCALOID_ExtendProject\u2pa4\Debug\link.61728-cvtres.write.1.tlog
G:\BMPE\VocaloidEP\VOCALOID_ExtendProject\u2pa4\Debug\link.61728-rc.read.1.tlog
G:\BMPE\VocaloidEP\VOCALOID_ExtendProject\u2pa4\Debug\link.61728-rc.write.1.tlog
G:\BMPE\VocaloidEP\VOCALOID_ExtendProject\u2pa4\Debug\link.61728.read.1.tlog
G:\BMPE\VocaloidEP\VOCALOID_ExtendProject\u2pa4\Debug\link.61728.write.1.tlog
G:\BMPE\VocaloidEP\VOCALOID_ExtendProject\u2pa4\Debug\link.75568-cvtres.read.1.tlog
G:\BMPE\VocaloidEP\VOCALOID_ExtendProject\u2pa4\Debug\link.75568-cvtres.write.1.tlog
G:\BMPE\VocaloidEP\VOCALOID_ExtendProject\u2pa4\Debug\link.75568-rc.read.1.tlog
G:\BMPE\VocaloidEP\VOCALOID_ExtendProject\u2pa4\Debug\link.75568-rc.write.1.tlog
G:\BMPE\VocaloidEP\VOCALOID_ExtendProject\u2pa4\Debug\link.75568.read.1.tlog
G:\BMPE\VocaloidEP\VOCALOID_ExtendProject\u2pa4\Debug\link.75568.write.1.tlog
G:\BMPE\VocaloidEP\VOCALOID_ExtendProject\u2pa4\Debug\link.76052-cvtres.read.1.tlog
G:\BMPE\VocaloidEP\VOCALOID_ExtendProject\u2pa4\Debug\link.76052-cvtres.write.1.tlog
G:\BMPE\VocaloidEP\VOCALOID_ExtendProject\u2pa4\Debug\link.76052-rc.read.1.tlog
G:\BMPE\VocaloidEP\VOCALOID_ExtendProject\u2pa4\Debug\link.76052-rc.write.1.tlog
G:\BMPE\VocaloidEP\VOCALOID_ExtendProject\u2pa4\Debug\link.76052.read.1.tlog
G:\BMPE\VocaloidEP\VOCALOID_ExtendProject\u2pa4\Debug\link.76052.write.1.tlog
G:\BMPE\VocaloidEP\VOCALOID_ExtendProject\u2pa4\Debug\link.81504-cvtres.read.1.tlog
G:\BMPE\VocaloidEP\VOCALOID_ExtendProject\u2pa4\Debug\link.81504-cvtres.write.1.tlog
G:\BMPE\VocaloidEP\VOCALOID_ExtendProject\u2pa4\Debug\link.81504-rc.read.1.tlog
G:\BMPE\VocaloidEP\VOCALOID_ExtendProject\u2pa4\Debug\link.81504-rc.write.1.tlog
G:\BMPE\VocaloidEP\VOCALOID_ExtendProject\u2pa4\Debug\link.81504.read.1.tlog
G:\BMPE\VocaloidEP\VOCALOID_ExtendProject\u2pa4\Debug\link.81504.write.1.tlog
G:\BMPE\VocaloidEP\VOCALOID_ExtendProject\u2pa4\Debug\link.84640-cvtres.read.1.tlog
G:\BMPE\VocaloidEP\VOCALOID_ExtendProject\u2pa4\Debug\link.84640-cvtres.write.1.tlog
G:\BMPE\VocaloidEP\VOCALOID_ExtendProject\u2pa4\Debug\link.84640-rc.read.1.tlog
G:\BMPE\VocaloidEP\VOCALOID_ExtendProject\u2pa4\Debug\link.84640-rc.write.1.tlog
G:\BMPE\VocaloidEP\VOCALOID_ExtendProject\u2pa4\Debug\link.84640.read.1.tlog
G:\BMPE\VocaloidEP\VOCALOID_ExtendProject\u2pa4\Debug\link.84640.write.1.tlog
G:\BMPE\VocaloidEP\VOCALOID_ExtendProject\u2pa4\Debug\link.85492-cvtres.read.1.tlog
G:\BMPE\VocaloidEP\VOCALOID_ExtendProject\u2pa4\Debug\link.85492-cvtres.write.1.tlog
G:\BMPE\VocaloidEP\VOCALOID_ExtendProject\u2pa4\Debug\link.85492-rc.read.1.tlog
G:\BMPE\VocaloidEP\VOCALOID_ExtendProject\u2pa4\Debug\link.85492-rc.write.1.tlog
G:\BMPE\VocaloidEP\VOCALOID_ExtendProject\u2pa4\Debug\link.85492.read.1.tlog
G:\BMPE\VocaloidEP\VOCALOID_ExtendProject\u2pa4\Debug\link.85492.write.1.tlog
G:\BMPE\VocaloidEP\VOCALOID_ExtendProject\u2pa4\Debug\link.85864-cvtres.read.1.tlog
G:\BMPE\VocaloidEP\VOCALOID_ExtendProject\u2pa4\Debug\link.85864-cvtres.write.1.tlog
G:\BMPE\VocaloidEP\VOCALOID_ExtendProject\u2pa4\Debug\link.85864-rc.read.1.tlog
G:\BMPE\VocaloidEP\VOCALOID_ExtendProject\u2pa4\Debug\link.85864-rc.write.1.tlog
G:\BMPE\VocaloidEP\VOCALOID_ExtendProject\u2pa4\Debug\link.85864.read.1.tlog
G:\BMPE\VocaloidEP\VOCALOID_ExtendProject\u2pa4\Debug\link.85864.write.1.tlog
G:\BMPE\VocaloidEP\VOCALOID_ExtendProject\u2pa4\Debug\link.90176-cvtres.read.1.tlog
G:\BMPE\VocaloidEP\VOCALOID_ExtendProject\u2pa4\Debug\link.90176-cvtres.write.1.tlog
G:\BMPE\VocaloidEP\VOCALOID_ExtendProject\u2pa4\Debug\link.90176-rc.read.1.tlog
G:\BMPE\VocaloidEP\VOCALOID_ExtendProject\u2pa4\Debug\link.90176-rc.write.1.tlog
G:\BMPE\VocaloidEP\VOCALOID_ExtendProject\u2pa4\Debug\link.90176.read.1.tlog
G:\BMPE\VocaloidEP\VOCALOID_ExtendProject\u2pa4\Debug\link.90176.write.1.tlog
G:\BMPE\VocaloidEP\VOCALOID_ExtendProject\u2pa4\Debug\link.92484-cvtres.read.1.tlog
G:\BMPE\VocaloidEP\VOCALOID_ExtendProject\u2pa4\Debug\link.92484-cvtres.write.1.tlog
G:\BMPE\VocaloidEP\VOCALOID_ExtendProject\u2pa4\Debug\link.92484-rc.read.1.tlog
G:\BMPE\VocaloidEP\VOCALOID_ExtendProject\u2pa4\Debug\link.92484-rc.write.1.tlog
G:\BMPE\VocaloidEP\VOCALOID_ExtendProject\u2pa4\Debug\link.92484.read.1.tlog
G:\BMPE\VocaloidEP\VOCALOID_ExtendProject\u2pa4\Debug\link.92484.write.1.tlog
G:\BMPE\VocaloidEP\VOCALOID_ExtendProject\u2pa4\Debug\link.96112-cvtres.read.1.tlog
G:\BMPE\VocaloidEP\VOCALOID_ExtendProject\u2pa4\Debug\link.96112-cvtres.write.1.tlog
G:\BMPE\VocaloidEP\VOCALOID_ExtendProject\u2pa4\Debug\link.96112-rc.read.1.tlog
G:\BMPE\VocaloidEP\VOCALOID_ExtendProject\u2pa4\Debug\link.96112-rc.write.1.tlog
G:\BMPE\VocaloidEP\VOCALOID_ExtendProject\u2pa4\Debug\link.96112.read.1.tlog
G:\BMPE\VocaloidEP\VOCALOID_ExtendProject\u2pa4\Debug\link.96112.write.1.tlog
G:\BMPE\VocaloidEP\VOCALOID_ExtendProject\u2pa4\Debug\link.96240-cvtres.read.1.tlog
G:\BMPE\VocaloidEP\VOCALOID_ExtendProject\u2pa4\Debug\link.96240-cvtres.write.1.tlog
G:\BMPE\VocaloidEP\VOCALOID_ExtendProject\u2pa4\Debug\link.96240-rc.read.1.tlog
G:\BMPE\VocaloidEP\VOCALOID_ExtendProject\u2pa4\Debug\link.96240-rc.write.1.tlog
G:\BMPE\VocaloidEP\VOCALOID_ExtendProject\u2pa4\Debug\link.96240.read.1.tlog
G:\BMPE\VocaloidEP\VOCALOID_ExtendProject\u2pa4\Debug\link.96240.write.1.tlog
G:\BMPE\VocaloidEP\VOCALOID_ExtendProject\u2pa4\Debug\link.96448-cvtres.read.1.tlog
G:\BMPE\VocaloidEP\VOCALOID_ExtendProject\u2pa4\Debug\link.96448-cvtres.write.1.tlog
G:\BMPE\VocaloidEP\VOCALOID_ExtendProject\u2pa4\Debug\link.96448-rc.read.1.tlog
G:\BMPE\VocaloidEP\VOCALOID_ExtendProject\u2pa4\Debug\link.96448-rc.write.1.tlog
G:\BMPE\VocaloidEP\VOCALOID_ExtendProject\u2pa4\Debug\link.96448.read.1.tlog
G:\BMPE\VocaloidEP\VOCALOID_ExtendProject\u2pa4\Debug\link.96448.write.1.tlog
G:\BMPE\VocaloidEP\VOCALOID_ExtendProject\u2pa4\Debug\link.96576-cvtres.read.1.tlog
G:\BMPE\VocaloidEP\VOCALOID_ExtendProject\u2pa4\Debug\link.96576-cvtres.write.1.tlog
G:\BMPE\VocaloidEP\VOCALOID_ExtendProject\u2pa4\Debug\link.96576-rc.read.1.tlog
G:\BMPE\VocaloidEP\VOCALOID_ExtendProject\u2pa4\Debug\link.96576-rc.write.1.tlog
G:\BMPE\VocaloidEP\VOCALOID_ExtendProject\u2pa4\Debug\link.96576.read.1.tlog
G:\BMPE\VocaloidEP\VOCALOID_ExtendProject\u2pa4\Debug\link.96576.write.1.tlog
G:\BMPE\VocaloidEP\VOCALOID_ExtendProject\u2pa4\Debug\link.9668-cvtres.read.1.tlog
G:\BMPE\VocaloidEP\VOCALOID_ExtendProject\u2pa4\Debug\link.9668-cvtres.write.1.tlog
G:\BMPE\VocaloidEP\VOCALOID_ExtendProject\u2pa4\Debug\link.9668-rc.read.1.tlog
G:\BMPE\VocaloidEP\VOCALOID_ExtendProject\u2pa4\Debug\link.9668-rc.write.1.tlog
G:\BMPE\VocaloidEP\VOCALOID_ExtendProject\u2pa4\Debug\link.9668.read.1.tlog
G:\BMPE\VocaloidEP\VOCALOID_ExtendProject\u2pa4\Debug\link.9668.write.1.tlog
G:\BMPE\VocaloidEP\VOCALOID_ExtendProject\u2pa4\Debug\link.96944-cvtres.read.1.tlog
G:\BMPE\VocaloidEP\VOCALOID_ExtendProject\u2pa4\Debug\link.96944-cvtres.write.1.tlog
G:\BMPE\VocaloidEP\VOCALOID_ExtendProject\u2pa4\Debug\link.96944-rc.read.1.tlog
G:\BMPE\VocaloidEP\VOCALOID_ExtendProject\u2pa4\Debug\link.96944-rc.write.1.tlog
G:\BMPE\VocaloidEP\VOCALOID_ExtendProject\u2pa4\Debug\link.96944.read.1.tlog
G:\BMPE\VocaloidEP\VOCALOID_ExtendProject\u2pa4\Debug\link.96944.write.1.tlog
G:\BMPE\VocaloidEP\VOCALOID_ExtendProject\u2pa4\Debug\link.97640-cvtres.read.1.tlog
G:\BMPE\VocaloidEP\VOCALOID_ExtendProject\u2pa4\Debug\link.97640-cvtres.write.1.tlog
G:\BMPE\VocaloidEP\VOCALOID_ExtendProject\u2pa4\Debug\link.97640-rc.read.1.tlog
G:\BMPE\VocaloidEP\VOCALOID_ExtendProject\u2pa4\Debug\link.97640-rc.write.1.tlog
G:\BMPE\VocaloidEP\VOCALOID_ExtendProject\u2pa4\Debug\link.97640.read.1.tlog
G:\BMPE\VocaloidEP\VOCALOID_ExtendProject\u2pa4\Debug\link.97640.write.1.tlog
G:\BMPE\VocaloidEP\VOCALOID_ExtendProject\u2pa4\Debug\link.command.1.tlog
G:\BMPE\VocaloidEP\VOCALOID_ExtendProject\u2pa4\Debug\link.read.1.tlog
G:\BMPE\VocaloidEP\VOCALOID_ExtendProject\u2pa4\Debug\link.write.1.tlog
G:\BMPE\VocaloidEP\VOCALOID_ExtendProject\u2pa4\Debug\u2pa4.write.1.tlog
G:\BMPE\VocaloidEP\VOCALOID_ExtendProject\u2pa4\Debug\vc110.idb
G:\BMPE\VocaloidEP\VOCALOID_ExtendProject\u2pa4\Debug\vc110.pdb
G:\BMPE\VocaloidEP\VOCALOID_ExtendProject\Debug\u2pa4.pdb
G:\BMPE\VocaloidEP\VOCALOID_ExtendProject\Debug\u2pa4.dll
G:\BMPE\VocaloidEP\VOCALOID_ExtendProject\Debug\u2pa4.ilk
